<?xml version="1.0" encoding="UTF-8"?>
<!-- Generated by org.testng.reporters.JUnitReportReporter -->
<testsuite hostname="NKS" name="SeleniumWebdriverExample.TextBoxAndCheckBoxTest" tests="1" failures="0" timestamp="4 Jun 2016 09:51:09 GMT" time="24.903" errors="0">
  <testcase name="textBoxCheckBox" time="24.903" classname="SeleniumWebdriverExample.TextBoxAndCheckBoxTest"/>
</testsuite> <!-- SeleniumWebdriverExample.TextBoxAndCheckBoxTest -->
