<?xml version="1.0" encoding="UTF-8"?>
<!-- Generated by org.testng.reporters.JUnitReportReporter -->
<testsuite hostname="NKS" name="SeleniumWebdriverExample.ScreenShot" tests="1" failures="0" timestamp="26 Dec 2016 05:01:44 GMT" time="12.204" errors="0">
  <testcase name="tekeScreenshot" time="12.204" classname="SeleniumWebdriverExample.ScreenShot"/>
</testsuite> <!-- SeleniumWebdriverExample.ScreenShot -->
