<?xml version="1.0" encoding="UTF-8"?>
<!-- Generated by org.testng.reporters.JUnitReportReporter -->
<testsuite hostname="LAPTOP-N2GHRU3U" failures="0" tests="1" name="RestAssuredPractice.AddBookLibrary_StaticJson" time="3.619" errors="0" timestamp="2021-03-31T08:41:46 IST" skipped="0">
  <testcase classname="RestAssuredPractice.AddBookLibrary_StaticJson" name="addBook" time="3.619"/>
  <system-out/>
</testsuite> <!-- RestAssuredPractice.AddBookLibrary_StaticJson -->
