<?xml version="1.0" encoding="UTF-8"?>
<!-- Generated by org.testng.reporters.JUnitReportReporter -->
<testsuite hostname="NKS" name="SeleniumWebdriverExample.DataProviderTest" tests="2" failures="0" timestamp="14 Sep 2017 06:00:01 GMT" time="0.017" errors="0">
  <testcase name="testCaseOne" time="0.016" classname="SeleniumWebdriverExample.DataProviderTest"/>
  <testcase name="testCaseOne" time="0.001" classname="SeleniumWebdriverExample.DataProviderTest"/>
</testsuite> <!-- SeleniumWebdriverExample.DataProviderTest -->
