<?xml version="1.0" encoding="UTF-8"?>
<!-- Generated by org.testng.reporters.JUnitReportReporter -->
<testsuite hostname="LAPTOP-N2GHRU3U" failures="0" tests="1" name="RestAssuredPractice.AddBookLibrary" time="2.312" errors="0" timestamp="2021-04-30T12:23:39 IST" skipped="0">
  <testcase classname="RestAssuredPractice.AddBookLibrary" name="addBook" time="2.312"/>
  <system-out/>
</testsuite> <!-- RestAssuredPractice.AddBookLibrary -->
