<?xml version="1.0" encoding="UTF-8"?>
<!-- Generated by org.testng.reporters.JUnitReportReporter -->
<testsuite hostname="NKS" name="SeleniumWebdriverExample.ToolTip" tests="1" failures="0" timestamp="25 Dec 2016 09:24:17 GMT" time="10.693" errors="0">
  <testcase name="toolTip" time="10.693" classname="SeleniumWebdriverExample.ToolTip"/>
</testsuite> <!-- SeleniumWebdriverExample.ToolTip -->
