<?xml version="1.0" encoding="UTF-8"?>
<!-- Generated by org.testng.reporters.JUnitReportReporter -->
<testsuite hostname="LAPTOP-N2GHRU3U" failures="0" tests="3" name="RestAssuredPractice.AddBookLibrary_Advanced" time="3.048" errors="0" timestamp="2021-03-28T11:20:19 IST" skipped="0">
  <testcase classname="RestAssuredPractice.AddBookLibrary_Advanced" name="addBook" time="0.245"/>
  <system-out/>
  <testcase classname="RestAssuredPractice.AddBookLibrary_Advanced" name="addBook" time="2.484"/>
  <system-out/>
  <testcase classname="RestAssuredPractice.AddBookLibrary_Advanced" name="addBook" time="0.319"/>
  <system-out/>
</testsuite> <!-- RestAssuredPractice.AddBookLibrary_Advanced -->
