<?xml version="1.0" encoding="UTF-8"?>
<!-- Generated by org.testng.reporters.JUnitReportReporter -->
<testsuite hostname="LAPTOP-N2GHRU3U" failures="0" tests="1" name="RestAssuredPractice.postMethod" time="3.009" errors="0" timestamp="2021-03-24T16:34:53 IST" skipped="0">
  <testcase classname="RestAssuredPractice.postMethod" name="createPlaceAPI" time="3.009"/>
  <system-out/>
</testsuite> <!-- RestAssuredPractice.postMethod -->
