<?xml version="1.0" encoding="UTF-8"?>
<!-- Generated by org.testng.reporters.JUnitReportReporter -->
<testsuite hostname="NKS" name="SeleniumWebdriverExample.justTest" tests="1" failures="0" timestamp="3 Jul 2017 11:30:46 GMT" time="14.561" errors="0">
  <testcase name="justForFun" time="14.561" classname="SeleniumWebdriverExample.justTest"/>
</testsuite> <!-- SeleniumWebdriverExample.justTest -->
