<?xml version="1.0" encoding="UTF-8"?>
<!-- Generated by org.testng.reporters.JUnitReportReporter -->
<testsuite hostname="LAPTOP-N2GHRU3U" failures="0" tests="1" name="SeleniumWebdriverExample.GoogleChromeTest" time="10.109" errors="0" timestamp="2020-10-16T19:20:22 IST" skipped="0">
  <testcase classname="SeleniumWebdriverExample.GoogleChromeTest" name="GCTest" time="10.109"/>
  <system-out/>
</testsuite> <!-- SeleniumWebdriverExample.GoogleChromeTest -->
