<?xml version="1.0" encoding="UTF-8"?>
<!-- Generated by org.testng.reporters.JUnitReportReporter -->
<testsuite hostname="NKS" name="SeleniumWebdriverExample.ComboBoxValues" tests="1" failures="0" timestamp="3 Jul 2017 08:27:05 GMT" time="14.021" errors="0">
  <testcase name="getComboboxValues" time="14.021" classname="SeleniumWebdriverExample.ComboBoxValues"/>
</testsuite> <!-- SeleniumWebdriverExample.ComboBoxValues -->
