<?xml version="1.0" encoding="UTF-8"?>
<!-- Generated by org.testng.reporters.JUnitReportReporter -->
<testsuite hostname="NKS" name="SeleniumWebdriverExample.AnnotationsTest" tests="2" failures="0" timestamp="3 Jul 2017 08:25:17 GMT" time="0.009" errors="0">
  <testcase name="testCase2" time="0.002" classname="SeleniumWebdriverExample.AnnotationsTest"/>
  <testcase name="testCase1" time="0.007" classname="SeleniumWebdriverExample.AnnotationsTest"/>
</testsuite> <!-- SeleniumWebdriverExample.AnnotationsTest -->
