<?xml version="1.0" encoding="UTF-8"?>
<!-- Generated by org.testng.reporters.JUnitReportReporter -->
<testsuite hostname="LAPTOP-N2GHRU3U" failures="0" tests="1" name="RestAssuredPractice.AddBookLibrary" time="1.865" errors="0" timestamp="2021-03-28T10:32:29 IST" skipped="0">
  <testcase classname="RestAssuredPractice.AddBookLibrary" name="addBook" time="1.865"/>
  <system-out/>
</testsuite> <!-- RestAssuredPractice.AddBookLibrary -->
