<?xml version="1.0" encoding="UTF-8"?>
<!-- Generated by org.testng.reporters.JUnitReportReporter -->
<testsuite hostname="NKS" name="SeleniumWebdriverExample.WebTableORCalender" tests="1" failures="0" timestamp="27 Aug 2017 04:25:17 GMT" time="50.861" errors="0">
  <testcase name="handleTableOrCalender" time="50.861" classname="SeleniumWebdriverExample.WebTableORCalender"/>
</testsuite> <!-- SeleniumWebdriverExample.WebTableORCalender -->
