<?xml version="1.0" encoding="UTF-8"?>
<!-- Generated by org.testng.reporters.JUnitReportReporter -->
<testsuite hostname="NKS" name="SeleniumWebdriverExample.NumberOfLinksPresentInPage" tests="1" failures="0" timestamp="16 Dec 2016 05:21:12 GMT" time="40.169" errors="0">
  <testcase name="countLinksInPage" time="40.169" classname="SeleniumWebdriverExample.NumberOfLinksPresentInPage"/>
</testsuite> <!-- SeleniumWebdriverExample.NumberOfLinksPresentInPage -->
