<?xml version="1.0" encoding="UTF-8"?>
<!-- Generated by org.testng.reporters.JUnitReportReporter -->
<testsuite hostname="NKS" name="SeleniumWebdriverExample.MultipleWindows" tests="1" failures="0" timestamp="14 Sep 2017 06:46:52 GMT" time="16.986" errors="0">
  <testcase name="handleMultipleWindow" time="16.986" classname="SeleniumWebdriverExample.MultipleWindows"/>
</testsuite> <!-- SeleniumWebdriverExample.MultipleWindows -->
