<?xml version="1.0" encoding="UTF-8"?>
<!-- Generated by org.testng.reporters.JUnitReportReporter -->
<testsuite hostname="NKS" name="fb.BusinessScenario.Login_PageFact" tests="1" failures="0" timestamp="16 Jul 2017 13:13:46 GMT" time="28.876" errors="0">
  <testcase name="LoginToApp" time="28.876" classname="fb.BusinessScenario.Login_PageFact"/>
</testsuite> <!-- fb.BusinessScenario.Login_PageFact -->
