<?xml version="1.0" encoding="UTF-8"?>
<!-- Generated by org.testng.reporters.JUnitReportReporter -->
<testsuite hostname="LAPTOP-N2GHRU3U" failures="0" tests="1" name="RestAssuredPractice.postMethod_Advanced" time="2.633" errors="0" timestamp="2021-03-24T17:45:36 IST" skipped="0">
  <testcase classname="RestAssuredPractice.postMethod_Advanced" name="AddandDeletePlace" time="2.633"/>
  <system-out/>
</testsuite> <!-- RestAssuredPractice.postMethod_Advanced -->
