<?xml version="1.0" encoding="UTF-8"?>
<!-- Generated by org.testng.reporters.JUnitReportReporter -->
<testsuite hostname="NKS" name="Test.WebDriverTest" tests="1" failures="0" timestamp="2 Jun 2016 10:43:53 GMT" time="12.197" errors="0">
  <testcase name="openBrowser" time="12.197" classname="Test.WebDriverTest"/>
</testsuite> <!-- Test.WebDriverTest -->
