<?xml version="1.0" encoding="UTF-8"?>
<!-- Generated by org.testng.reporters.JUnitReportReporter -->
<testsuite hostname="LAPTOP-N2GHRU3U" failures="0" tests="4" name="SeleniumWebdriverExample.GroupsExamples" time="0.012" errors="0" timestamp="2021-04-24T17:28:32 IST" skipped="0">
  <testcase classname="SeleniumWebdriverExample.GroupsExamples" name="testCaseOne" time="0.001"/>
  <system-out/>
  <testcase classname="SeleniumWebdriverExample.GroupsExamples" name="testCaseFour" time="0.008"/>
  <system-out/>
  <testcase classname="SeleniumWebdriverExample.GroupsExamples" name="testCaseThree" time="0.001"/>
  <system-out/>
  <testcase classname="SeleniumWebdriverExample.GroupsExamples" name="testCaseTwo" time="0.002"/>
  <system-out/>
</testsuite> <!-- SeleniumWebdriverExample.GroupsExamples -->
