<?xml version="1.0" encoding="UTF-8"?>
<!-- Generated by org.testng.reporters.JUnitReportReporter -->
<testsuite hostname="NKS" name="SeleniumWebdriverExample.ReadPropertyFiles" tests="1" failures="0" timestamp="3 Jul 2017 10:59:59 GMT" time="5.565" errors="0">
  <testcase name="calculator_Opertaion" time="5.565" classname="SeleniumWebdriverExample.ReadPropertyFiles"/>
</testsuite> <!-- SeleniumWebdriverExample.ReadPropertyFiles -->
