<?xml version="1.0" encoding="UTF-8"?>
<!-- Generated by org.testng.reporters.JUnitReportReporter -->
<testsuite hostname="LAPTOP-N2GHRU3U" failures="0" tests="2" name="SeleniumWebdriverExample.DataProviderTest" time="0.010" errors="0" timestamp="2021-04-24T12:42:34 IST" skipped="0">
  <testcase classname="SeleniumWebdriverExample.DataProviderTest" name="testCaseOne" time="0.001"/>
  <system-out/>
  <testcase classname="SeleniumWebdriverExample.DataProviderTest" name="testCaseOne" time="0.009"/>
  <system-out/>
</testsuite> <!-- SeleniumWebdriverExample.DataProviderTest -->
