<?xml version="1.0" encoding="UTF-8"?>
<!-- Generated by org.testng.reporters.JUnitReportReporter -->
<testsuite hostname="LAPTOP-N2GHRU3U" failures="0" tests="1" name="SeleniumWebdriverExample.GoogleChromeTest" time="5.820" errors="0" timestamp="2021-04-16T16:54:50 IST" skipped="0">
  <testcase classname="SeleniumWebdriverExample.GoogleChromeTest" name="GCTest" time="5.820"/>
  <system-out/>
</testsuite> <!-- SeleniumWebdriverExample.GoogleChromeTest -->
