<?xml version="1.0" encoding="UTF-8"?>
<!-- Generated by org.testng.reporters.JUnitReportReporter -->
<testsuite hostname="NKS" name="fb.BusinessScenario.LoginTest" tests="1" failures="0" timestamp="16 Jul 2017 09:57:11 GMT" time="14.366" errors="0">
  <testcase name="LoginToApplication" time="14.366" classname="fb.BusinessScenario.LoginTest"/>
</testsuite> <!-- fb.BusinessScenario.LoginTest -->
