<?xml version="1.0" encoding="UTF-8"?>
<!-- Generated by org.testng.reporters.JUnitReportReporter -->
<testsuite hostname="NKS" name="SeleniumWebdriverExample.GroupsExamples" tests="2" failures="0" timestamp="14 Sep 2017 06:33:18 GMT" time="0.025" errors="0">
  <testcase name="testCaseTwo" time="0.002" classname="SeleniumWebdriverExample.GroupsExamples"/>
  <testcase name="testCaseFour" time="0.023" classname="SeleniumWebdriverExample.GroupsExamples"/>
</testsuite> <!-- SeleniumWebdriverExample.GroupsExamples -->
