<?xml version="1.0" encoding="UTF-8"?>
<!-- Generated by org.testng.reporters.JUnitReportReporter -->
<testsuite hostname="NKS" name="SeleniumWebdriverExample.SelectDropDown" tests="1" failures="0" timestamp="16 Dec 2016 05:25:03 GMT" time="10.293" errors="0">
  <testcase name="dropDownTest" time="10.293" classname="SeleniumWebdriverExample.SelectDropDown"/>
</testsuite> <!-- SeleniumWebdriverExample.SelectDropDown -->
