<?xml version="1.0" encoding="UTF-8"?>
<!-- Generated by org.testng.reporters.JUnitReportReporter -->
<testsuite hostname="NKS" name="SeleniumWebdriverExample.WebTableTesting" tests="1" failures="0" timestamp="13 Feb 2017 15:31:06 GMT" time="79.211" errors="0">
  <testcase name="testGmail" time="79.211" classname="SeleniumWebdriverExample.WebTableTesting"/>
</testsuite> <!-- SeleniumWebdriverExample.WebTableTesting -->
