<?xml version="1.0" encoding="UTF-8"?>
<!-- Generated by org.testng.reporters.JUnitReportReporter -->
<testsuite hostname="LAPTOP-N2GHRU3U" failures="0" tests="4" name="SeleniumWebdriverExample.AnnotationsTest" time="0.011" errors="0" timestamp="2021-04-25T21:27:25 IST" skipped="0">
  <testcase classname="SeleniumWebdriverExample.AnnotationsTest" name="testCase3" time="0.006"/>
  <system-out/>
  <testcase classname="SeleniumWebdriverExample.AnnotationsTest" name="BestCase1" time="0.001"/>
  <system-out/>
  <testcase classname="SeleniumWebdriverExample.AnnotationsTest" name="AestCase2" time="0.001"/>
  <system-out/>
  <testcase classname="SeleniumWebdriverExample.AnnotationsTest" name="testCase4" time="0.003"/>
  <system-out/>
</testsuite> <!-- SeleniumWebdriverExample.AnnotationsTest -->
