<?xml version="1.0" encoding="UTF-8"?>
<!-- Generated by org.testng.reporters.JUnitReportReporter -->
<testsuite hostname="NKS" name="SeleniumWebdriverExample.Alert" tests="1" failures="0" timestamp="16 Jul 2017 07:27:35 GMT" time="10.723" errors="0">
  <testcase name="handleAlert" time="10.723" classname="SeleniumWebdriverExample.Alert"/>
</testsuite> <!-- SeleniumWebdriverExample.Alert -->
