<?xml version="1.0" encoding="UTF-8"?>
<!-- Generated by org.testng.reporters.JUnitReportReporter -->
<testsuite hostname="NKS" name="SeleniumWebdriverExample.ImplicitAndExplicitWait" tests="1" failures="0" timestamp="13 Dec 2016 10:00:43 GMT" time="45.445" errors="0">
  <testcase name="implicitExplicitWait" time="45.445" classname="SeleniumWebdriverExample.ImplicitAndExplicitWait"/>
</testsuite> <!-- SeleniumWebdriverExample.ImplicitAndExplicitWait -->
