<?xml version="1.0" encoding="UTF-8"?>
<!-- Generated by org.testng.reporters.JUnitReportReporter -->
<testsuite hostname="NKS" name="SeleniumWebdriverExample.SecurityCertificate" tests="1" failures="0" timestamp="31 Jan 2017 15:47:25 GMT" time="42.911" errors="0">
  <testcase name="handleCertificate" time="42.911" classname="SeleniumWebdriverExample.SecurityCertificate"/>
</testsuite> <!-- SeleniumWebdriverExample.SecurityCertificate -->
